<?xml version="1.0" encoding="UTF-8"?>
<!-- Generated by org.testng.reporters.JUnitReportReporter -->
<testsuite skipped="0" hostname="USER-PC" name="com.balzedemo.qa.test.WelcomePageTest" tests="2" failures="0" timestamp="07 Sep 2020 17:32:01 GMT" time="17.786" errors="0">
  <testcase name="TitleTest" time="8.135" classname="com.balzedemo.qa.test.WelcomePageTest"/>
  <testcase name="SelectCities" time="9.651" classname="com.balzedemo.qa.test.WelcomePageTest"/>
</testsuite> <!-- com.balzedemo.qa.test.WelcomePageTest -->
