<?xml version="1.0" encoding="UTF-8"?>
<!-- Generated by org.testng.reporters.JUnitReportReporter -->
<testsuite skipped="0" hostname="USER-PC" name="com.balzedemo.qa.test.ReservePageTest" tests="3" failures="0" timestamp="07 Sep 2020 17:32:01 GMT" time="27.096" errors="0">
  <testcase name="verifyArrivesCity" time="8.882" classname="com.balzedemo.qa.test.ReservePageTest"/>
  <testcase name="verifyDepartCity" time="8.094" classname="com.balzedemo.qa.test.ReservePageTest"/>
  <testcase name="reserveFlight" time="10.120" classname="com.balzedemo.qa.test.ReservePageTest"/>
</testsuite> <!-- com.balzedemo.qa.test.ReservePageTest -->
