<?xml version="1.0" encoding="UTF-8"?>
<!-- Generated by org.testng.reporters.JUnitReportReporter -->
<testsuite skipped="0" hostname="USER-PC" name="com.balzedemo.qa.test.PurchasePageTest" tests="2" failures="0" timestamp="07 Sep 2020 17:32:01 GMT" time="21.889" errors="0">
  <testcase name="purchaseFlight" time="10.371" classname="com.balzedemo.qa.test.PurchasePageTest"/>
  <testcase name="TitleTest" time="11.518" classname="com.balzedemo.qa.test.PurchasePageTest"/>
</testsuite> <!-- com.balzedemo.qa.test.PurchasePageTest -->
